Tab[Prog,VAR] = . Instr_Comp Production %27 Fonct Declar 
Tab[Prog,BEGIN] = . Instr_Comp Production %27 Fonct Declar 
Tab[Prog,END] = 
Tab[Prog,IF] = 
Tab[Prog,THEN] = 
Tab[Prog,ELSE] = 
Tab[Prog,WHILE] = 
Tab[Prog,DO] = 
Tab[Prog,FUNCTION] = 
Tab[Prog,WRITE] = 
Tab[Prog,READ] = 
Tab[Prog,NOT] = 
Tab[Prog,OR] = 
Tab[Prog,AND] = 
Tab[Prog,INTEGER] = . Instr_Comp Production %27 Fonct Declar 
Tab[Prog,STRING] = . Instr_Comp Production %27 Fonct Declar 
Tab[Prog,VOID] = . Instr_Comp Production %27 Fonct Declar 
Tab[Prog,RETURN] = 
Tab[Prog,:=] = 
Tab[Prog,CH] = 
Tab[Prog,NB] = 
Tab[Prog,ID] = 
Tab[Prog,Fin] = 
Tab[Prog,Vide] = 
Tab[Prog,<] = 
Tab[Prog,>] = 
Tab[Prog,=] = 
Tab[Prog,+] = 
Tab[Prog,-] = 
Tab[Prog,*] = 
Tab[Prog,/] = 
Tab[Prog,(] = 
Tab[Prog,)] = 
Tab[Prog,;] = 
Tab[Prog,,] = 
Tab[Prog,:] = 
Tab[Prog,.] = 
Tab[Prog,NEG] = 
Tab[Declar,VAR] = Declar ; %10 Type : Liste_Id1 VAR 
Tab[Declar,BEGIN] = Vide 
Tab[Declar,END] = 
Tab[Declar,IF] = 
Tab[Declar,THEN] = 
Tab[Declar,ELSE] = 
Tab[Declar,WHILE] = 
Tab[Declar,DO] = 
Tab[Declar,FUNCTION] = 
Tab[Declar,WRITE] = 
Tab[Declar,READ] = 
Tab[Declar,NOT] = 
Tab[Declar,OR] = 
Tab[Declar,AND] = 
Tab[Declar,INTEGER] = Vide 
Tab[Declar,STRING] = Vide 
Tab[Declar,VOID] = Vide 
Tab[Declar,RETURN] = 
Tab[Declar,:=] = 
Tab[Declar,CH] = 
Tab[Declar,NB] = 
Tab[Declar,ID] = 
Tab[Declar,Fin] = 
Tab[Declar,Vide] = Vide 
Tab[Declar,<] = 
Tab[Declar,>] = 
Tab[Declar,=] = 
Tab[Declar,+] = 
Tab[Declar,-] = 
Tab[Declar,*] = 
Tab[Declar,/] = 
Tab[Declar,(] = 
Tab[Declar,)] = 
Tab[Declar,;] = 
Tab[Declar,,] = 
Tab[Declar,:] = 
Tab[Declar,.] = 
Tab[Declar,NEG] = 
Tab[Liste_Id1,VAR] = 
Tab[Liste_Id1,BEGIN] = 
Tab[Liste_Id1,END] = 
Tab[Liste_Id1,IF] = 
Tab[Liste_Id1,THEN] = 
Tab[Liste_Id1,ELSE] = 
Tab[Liste_Id1,WHILE] = 
Tab[Liste_Id1,DO] = 
Tab[Liste_Id1,FUNCTION] = 
Tab[Liste_Id1,WRITE] = 
Tab[Liste_Id1,READ] = 
Tab[Liste_Id1,NOT] = 
Tab[Liste_Id1,OR] = 
Tab[Liste_Id1,AND] = 
Tab[Liste_Id1,INTEGER] = 
Tab[Liste_Id1,STRING] = 
Tab[Liste_Id1,VOID] = 
Tab[Liste_Id1,RETURN] = 
Tab[Liste_Id1,:=] = 
Tab[Liste_Id1,CH] = 
Tab[Liste_Id1,NB] = 
Tab[Liste_Id1,ID] = Liste_Id2 ID %8 
Tab[Liste_Id1,Fin] = 
Tab[Liste_Id1,Vide] = 
Tab[Liste_Id1,<] = 
Tab[Liste_Id1,>] = 
Tab[Liste_Id1,=] = 
Tab[Liste_Id1,+] = 
Tab[Liste_Id1,-] = 
Tab[Liste_Id1,*] = 
Tab[Liste_Id1,/] = 
Tab[Liste_Id1,(] = 
Tab[Liste_Id1,)] = 
Tab[Liste_Id1,;] = 
Tab[Liste_Id1,,] = 
Tab[Liste_Id1,:] = 
Tab[Liste_Id1,.] = 
Tab[Liste_Id1,NEG] = 
Tab[Liste_Id2,VAR] = 
Tab[Liste_Id2,BEGIN] = 
Tab[Liste_Id2,END] = 
Tab[Liste_Id2,IF] = 
Tab[Liste_Id2,THEN] = 
Tab[Liste_Id2,ELSE] = 
Tab[Liste_Id2,WHILE] = 
Tab[Liste_Id2,DO] = 
Tab[Liste_Id2,FUNCTION] = 
Tab[Liste_Id2,WRITE] = 
Tab[Liste_Id2,READ] = 
Tab[Liste_Id2,NOT] = 
Tab[Liste_Id2,OR] = 
Tab[Liste_Id2,AND] = 
Tab[Liste_Id2,INTEGER] = 
Tab[Liste_Id2,STRING] = 
Tab[Liste_Id2,VOID] = 
Tab[Liste_Id2,RETURN] = 
Tab[Liste_Id2,:=] = 
Tab[Liste_Id2,CH] = 
Tab[Liste_Id2,NB] = 
Tab[Liste_Id2,ID] = 
Tab[Liste_Id2,Fin] = 
Tab[Liste_Id2,Vide] = Vide 
Tab[Liste_Id2,<] = 
Tab[Liste_Id2,>] = 
Tab[Liste_Id2,=] = 
Tab[Liste_Id2,+] = 
Tab[Liste_Id2,-] = 
Tab[Liste_Id2,*] = 
Tab[Liste_Id2,/] = 
Tab[Liste_Id2,(] = 
Tab[Liste_Id2,)] = Vide 
Tab[Liste_Id2,;] = 
Tab[Liste_Id2,,] = Liste_Id2 ID %8 , 
Tab[Liste_Id2,:] = Vide 
Tab[Liste_Id2,.] = 
Tab[Liste_Id2,NEG] = 
Tab[Type,VAR] = 
Tab[Type,BEGIN] = 
Tab[Type,END] = 
Tab[Type,IF] = 
Tab[Type,THEN] = 
Tab[Type,ELSE] = 
Tab[Type,WHILE] = 
Tab[Type,DO] = 
Tab[Type,FUNCTION] = 
Tab[Type,WRITE] = 
Tab[Type,READ] = 
Tab[Type,NOT] = 
Tab[Type,OR] = 
Tab[Type,AND] = 
Tab[Type,INTEGER] = INTEGER %9 
Tab[Type,STRING] = STRING %9 
Tab[Type,VOID] = 
Tab[Type,RETURN] = 
Tab[Type,:=] = 
Tab[Type,CH] = 
Tab[Type,NB] = 
Tab[Type,ID] = 
Tab[Type,Fin] = 
Tab[Type,Vide] = 
Tab[Type,<] = 
Tab[Type,>] = 
Tab[Type,=] = 
Tab[Type,+] = 
Tab[Type,-] = 
Tab[Type,*] = 
Tab[Type,/] = 
Tab[Type,(] = 
Tab[Type,)] = 
Tab[Type,;] = 
Tab[Type,,] = 
Tab[Type,:] = 
Tab[Type,.] = 
Tab[Type,NEG] = 
Tab[Fonct,VAR] = 
Tab[Fonct,BEGIN] = Vide 
Tab[Fonct,END] = 
Tab[Fonct,IF] = 
Tab[Fonct,THEN] = 
Tab[Fonct,ELSE] = 
Tab[Fonct,WHILE] = 
Tab[Fonct,DO] = 
Tab[Fonct,FUNCTION] = 
Tab[Fonct,WRITE] = 
Tab[Fonct,READ] = 
Tab[Fonct,NOT] = 
Tab[Fonct,OR] = 
Tab[Fonct,AND] = 
Tab[Fonct,INTEGER] = Fonct ; %20 Instr_Comp Declar En_Tete 
Tab[Fonct,STRING] = Fonct ; %20 Instr_Comp Declar En_Tete 
Tab[Fonct,VOID] = Fonct ; %20 Instr_Comp Declar En_Tete 
Tab[Fonct,RETURN] = 
Tab[Fonct,:=] = 
Tab[Fonct,CH] = 
Tab[Fonct,NB] = 
Tab[Fonct,ID] = 
Tab[Fonct,Fin] = 
Tab[Fonct,Vide] = Vide 
Tab[Fonct,<] = 
Tab[Fonct,>] = 
Tab[Fonct,=] = 
Tab[Fonct,+] = 
Tab[Fonct,-] = 
Tab[Fonct,*] = 
Tab[Fonct,/] = 
Tab[Fonct,(] = 
Tab[Fonct,)] = 
Tab[Fonct,;] = 
Tab[Fonct,,] = 
Tab[Fonct,:] = 
Tab[Fonct,.] = 
Tab[Fonct,NEG] = 
Tab[En_Tete,VAR] = 
Tab[En_Tete,BEGIN] = 
Tab[En_Tete,END] = 
Tab[En_Tete,IF] = 
Tab[En_Tete,THEN] = 
Tab[En_Tete,ELSE] = 
Tab[En_Tete,WHILE] = 
Tab[En_Tete,DO] = 
Tab[En_Tete,FUNCTION] = 
Tab[En_Tete,WRITE] = 
Tab[En_Tete,READ] = 
Tab[En_Tete,NOT] = 
Tab[En_Tete,OR] = 
Tab[En_Tete,AND] = 
Tab[En_Tete,INTEGER] = ; ) %22 Liste_Param ( ID %19 FUNCTION Type_Fonct 
Tab[En_Tete,STRING] = ; ) %22 Liste_Param ( ID %19 FUNCTION Type_Fonct 
Tab[En_Tete,VOID] = ; ) %22 Liste_Param ( ID %19 FUNCTION Type_Fonct 
Tab[En_Tete,RETURN] = 
Tab[En_Tete,:=] = 
Tab[En_Tete,CH] = 
Tab[En_Tete,NB] = 
Tab[En_Tete,ID] = 
Tab[En_Tete,Fin] = 
Tab[En_Tete,Vide] = 
Tab[En_Tete,<] = 
Tab[En_Tete,>] = 
Tab[En_Tete,=] = 
Tab[En_Tete,+] = 
Tab[En_Tete,-] = 
Tab[En_Tete,*] = 
Tab[En_Tete,/] = 
Tab[En_Tete,(] = 
Tab[En_Tete,)] = 
Tab[En_Tete,;] = 
Tab[En_Tete,,] = 
Tab[En_Tete,:] = 
Tab[En_Tete,.] = 
Tab[En_Tete,NEG] = 
Tab[Type_Fonct,VAR] = 
Tab[Type_Fonct,BEGIN] = 
Tab[Type_Fonct,END] = 
Tab[Type_Fonct,IF] = 
Tab[Type_Fonct,THEN] = 
Tab[Type_Fonct,ELSE] = 
Tab[Type_Fonct,WHILE] = 
Tab[Type_Fonct,DO] = 
Tab[Type_Fonct,FUNCTION] = 
Tab[Type_Fonct,WRITE] = 
Tab[Type_Fonct,READ] = 
Tab[Type_Fonct,NOT] = 
Tab[Type_Fonct,OR] = 
Tab[Type_Fonct,AND] = 
Tab[Type_Fonct,INTEGER] = Type 
Tab[Type_Fonct,STRING] = Type 
Tab[Type_Fonct,VOID] = VOID 
Tab[Type_Fonct,RETURN] = 
Tab[Type_Fonct,:=] = 
Tab[Type_Fonct,CH] = 
Tab[Type_Fonct,NB] = 
Tab[Type_Fonct,ID] = 
Tab[Type_Fonct,Fin] = 
Tab[Type_Fonct,Vide] = 
Tab[Type_Fonct,<] = 
Tab[Type_Fonct,>] = 
Tab[Type_Fonct,=] = 
Tab[Type_Fonct,+] = 
Tab[Type_Fonct,-] = 
Tab[Type_Fonct,*] = 
Tab[Type_Fonct,/] = 
Tab[Type_Fonct,(] = 
Tab[Type_Fonct,)] = 
Tab[Type_Fonct,;] = 
Tab[Type_Fonct,,] = 
Tab[Type_Fonct,:] = 
Tab[Type_Fonct,.] = 
Tab[Type_Fonct,NEG] = 
Tab[Liste_Param,VAR] = 
Tab[Liste_Param,BEGIN] = 
Tab[Liste_Param,END] = 
Tab[Liste_Param,IF] = 
Tab[Liste_Param,THEN] = 
Tab[Liste_Param,ELSE] = 
Tab[Liste_Param,WHILE] = 
Tab[Liste_Param,DO] = 
Tab[Liste_Param,FUNCTION] = 
Tab[Liste_Param,WRITE] = 
Tab[Liste_Param,READ] = 
Tab[Liste_Param,NOT] = 
Tab[Liste_Param,OR] = 
Tab[Liste_Param,AND] = 
Tab[Liste_Param,INTEGER] = 
Tab[Liste_Param,STRING] = 
Tab[Liste_Param,VOID] = 
Tab[Liste_Param,RETURN] = 
Tab[Liste_Param,:=] = 
Tab[Liste_Param,CH] = 
Tab[Liste_Param,NB] = 
Tab[Liste_Param,ID] = Liste_Param ; %10 Type : Liste_Id1 
Tab[Liste_Param,Fin] = 
Tab[Liste_Param,Vide] = Vide 
Tab[Liste_Param,<] = 
Tab[Liste_Param,>] = 
Tab[Liste_Param,=] = 
Tab[Liste_Param,+] = 
Tab[Liste_Param,-] = 
Tab[Liste_Param,*] = 
Tab[Liste_Param,/] = 
Tab[Liste_Param,(] = 
Tab[Liste_Param,)] = Vide 
Tab[Liste_Param,;] = 
Tab[Liste_Param,,] = 
Tab[Liste_Param,:] = 
Tab[Liste_Param,.] = 
Tab[Liste_Param,NEG] = 
Tab[Instr_Comp,VAR] = 
Tab[Instr_Comp,BEGIN] = END Liste_Instr BEGIN 
Tab[Instr_Comp,END] = 
Tab[Instr_Comp,IF] = 
Tab[Instr_Comp,THEN] = 
Tab[Instr_Comp,ELSE] = 
Tab[Instr_Comp,WHILE] = 
Tab[Instr_Comp,DO] = 
Tab[Instr_Comp,FUNCTION] = 
Tab[Instr_Comp,WRITE] = 
Tab[Instr_Comp,READ] = 
Tab[Instr_Comp,NOT] = 
Tab[Instr_Comp,OR] = 
Tab[Instr_Comp,AND] = 
Tab[Instr_Comp,INTEGER] = 
Tab[Instr_Comp,STRING] = 
Tab[Instr_Comp,VOID] = 
Tab[Instr_Comp,RETURN] = 
Tab[Instr_Comp,:=] = 
Tab[Instr_Comp,CH] = 
Tab[Instr_Comp,NB] = 
Tab[Instr_Comp,ID] = 
Tab[Instr_Comp,Fin] = 
Tab[Instr_Comp,Vide] = 
Tab[Instr_Comp,<] = 
Tab[Instr_Comp,>] = 
Tab[Instr_Comp,=] = 
Tab[Instr_Comp,+] = 
Tab[Instr_Comp,-] = 
Tab[Instr_Comp,*] = 
Tab[Instr_Comp,/] = 
Tab[Instr_Comp,(] = 
Tab[Instr_Comp,)] = 
Tab[Instr_Comp,;] = 
Tab[Instr_Comp,,] = 
Tab[Instr_Comp,:] = 
Tab[Instr_Comp,.] = 
Tab[Instr_Comp,NEG] = 
Tab[Liste_Instr,VAR] = 
Tab[Liste_Instr,BEGIN] = Liste_Instr ; Instr 
Tab[Liste_Instr,END] = Vide 
Tab[Liste_Instr,IF] = Liste_Instr ; Instr 
Tab[Liste_Instr,THEN] = 
Tab[Liste_Instr,ELSE] = 
Tab[Liste_Instr,WHILE] = Liste_Instr ; Instr 
Tab[Liste_Instr,DO] = 
Tab[Liste_Instr,FUNCTION] = 
Tab[Liste_Instr,WRITE] = Liste_Instr ; Instr 
Tab[Liste_Instr,READ] = Liste_Instr ; Instr 
Tab[Liste_Instr,NOT] = 
Tab[Liste_Instr,OR] = 
Tab[Liste_Instr,AND] = 
Tab[Liste_Instr,INTEGER] = 
Tab[Liste_Instr,STRING] = 
Tab[Liste_Instr,VOID] = 
Tab[Liste_Instr,RETURN] = Liste_Instr ; Instr 
Tab[Liste_Instr,:=] = 
Tab[Liste_Instr,CH] = 
Tab[Liste_Instr,NB] = 
Tab[Liste_Instr,ID] = Liste_Instr ; Instr 
Tab[Liste_Instr,Fin] = 
Tab[Liste_Instr,Vide] = Vide 
Tab[Liste_Instr,<] = 
Tab[Liste_Instr,>] = 
Tab[Liste_Instr,=] = 
Tab[Liste_Instr,+] = 
Tab[Liste_Instr,-] = 
Tab[Liste_Instr,*] = 
Tab[Liste_Instr,/] = 
Tab[Liste_Instr,(] = 
Tab[Liste_Instr,)] = 
Tab[Liste_Instr,;] = 
Tab[Liste_Instr,,] = 
Tab[Liste_Instr,:] = 
Tab[Liste_Instr,.] = 
Tab[Liste_Instr,NEG] = 
Tab[Instr,VAR] = 
Tab[Instr,BEGIN] = Instr_Comp 
Tab[Instr,END] = 
Tab[Instr,IF] = Production %15 Instr ELSE %14 Instr THEN %13 Expr1 IF %12 
Tab[Instr,THEN] = 
Tab[Instr,ELSE] = 
Tab[Instr,WHILE] = Production %18 Instr DO %17 Expr1 WHILE %16 
Tab[Instr,DO] = 
Tab[Instr,FUNCTION] = 
Tab[Instr,WRITE] = ) %5 ID %11 %26 ( WRITE 
Tab[Instr,READ] = ) %6 ID %11 %26 ( READ 
Tab[Instr,NOT] = 
Tab[Instr,OR] = 
Tab[Instr,AND] = 
Tab[Instr,INTEGER] = 
Tab[Instr,STRING] = 
Tab[Instr,VOID] = 
Tab[Instr,RETURN] = Expr1 RETURN 
Tab[Instr,:=] = 
Tab[Instr,CH] = 
Tab[Instr,NB] = 
Tab[Instr,ID] = Suite_Id1 ID %11 
Tab[Instr,Fin] = 
Tab[Instr,Vide] = 
Tab[Instr,<] = 
Tab[Instr,>] = 
Tab[Instr,=] = 
Tab[Instr,+] = 
Tab[Instr,-] = 
Tab[Instr,*] = 
Tab[Instr,/] = 
Tab[Instr,(] = 
Tab[Instr,)] = 
Tab[Instr,;] = 
Tab[Instr,,] = 
Tab[Instr,:] = 
Tab[Instr,.] = 
Tab[Instr,NEG] = 
Tab[Suite_Id1,VAR] = 
Tab[Suite_Id1,BEGIN] = 
Tab[Suite_Id1,END] = 
Tab[Suite_Id1,IF] = 
Tab[Suite_Id1,THEN] = 
Tab[Suite_Id1,ELSE] = 
Tab[Suite_Id1,WHILE] = 
Tab[Suite_Id1,DO] = 
Tab[Suite_Id1,FUNCTION] = 
Tab[Suite_Id1,WRITE] = 
Tab[Suite_Id1,READ] = 
Tab[Suite_Id1,NOT] = 
Tab[Suite_Id1,OR] = 
Tab[Suite_Id1,AND] = 
Tab[Suite_Id1,INTEGER] = 
Tab[Suite_Id1,STRING] = 
Tab[Suite_Id1,VOID] = 
Tab[Suite_Id1,RETURN] = 
Tab[Suite_Id1,:=] = Valeur := %24 
Tab[Suite_Id1,CH] = 
Tab[Suite_Id1,NB] = 
Tab[Suite_Id1,ID] = 
Tab[Suite_Id1,Fin] = 
Tab[Suite_Id1,Vide] = 
Tab[Suite_Id1,<] = 
Tab[Suite_Id1,>] = 
Tab[Suite_Id1,=] = 
Tab[Suite_Id1,+] = 
Tab[Suite_Id1,-] = 
Tab[Suite_Id1,*] = 
Tab[Suite_Id1,/] = 
Tab[Suite_Id1,(] = ) %23 %25 Liste_Id1 ( %28 
Tab[Suite_Id1,)] = 
Tab[Suite_Id1,;] = 
Tab[Suite_Id1,,] = 
Tab[Suite_Id1,:] = 
Tab[Suite_Id1,.] = 
Tab[Suite_Id1,NEG] = 
Tab[Valeur,VAR] = 
Tab[Valeur,BEGIN] = 
Tab[Valeur,END] = 
Tab[Valeur,IF] = 
Tab[Valeur,THEN] = 
Tab[Valeur,ELSE] = 
Tab[Valeur,WHILE] = 
Tab[Valeur,DO] = 
Tab[Valeur,FUNCTION] = 
Tab[Valeur,WRITE] = 
Tab[Valeur,READ] = 
Tab[Valeur,NOT] = Production %4 Expr1 
Tab[Valeur,OR] = 
Tab[Valeur,AND] = 
Tab[Valeur,INTEGER] = 
Tab[Valeur,STRING] = 
Tab[Valeur,VOID] = 
Tab[Valeur,RETURN] = 
Tab[Valeur,:=] = 
Tab[Valeur,CH] = CH %30 %7 
Tab[Valeur,NB] = Production %4 Expr1 
Tab[Valeur,ID] = Production %4 Expr1 
Tab[Valeur,Fin] = 
Tab[Valeur,Vide] = 
Tab[Valeur,<] = 
Tab[Valeur,>] = 
Tab[Valeur,=] = 
Tab[Valeur,+] = 
Tab[Valeur,-] = 
Tab[Valeur,*] = 
Tab[Valeur,/] = 
Tab[Valeur,(] = Production %4 Expr1 
Tab[Valeur,)] = 
Tab[Valeur,;] = 
Tab[Valeur,,] = 
Tab[Valeur,:] = 
Tab[Valeur,.] = 
Tab[Valeur,NEG] = Production %4 Expr1 
Tab[Expr1,VAR] = 
Tab[Expr1,BEGIN] = 
Tab[Expr1,END] = 
Tab[Expr1,IF] = 
Tab[Expr1,THEN] = 
Tab[Expr1,ELSE] = 
Tab[Expr1,WHILE] = 
Tab[Expr1,DO] = 
Tab[Expr1,FUNCTION] = 
Tab[Expr1,WRITE] = 
Tab[Expr1,READ] = 
Tab[Expr1,NOT] = Expr2 Simple1 
Tab[Expr1,OR] = 
Tab[Expr1,AND] = 
Tab[Expr1,INTEGER] = 
Tab[Expr1,STRING] = 
Tab[Expr1,VOID] = 
Tab[Expr1,RETURN] = 
Tab[Expr1,:=] = 
Tab[Expr1,CH] = 
Tab[Expr1,NB] = Expr2 Simple1 
Tab[Expr1,ID] = Expr2 Simple1 
Tab[Expr1,Fin] = 
Tab[Expr1,Vide] = 
Tab[Expr1,<] = 
Tab[Expr1,>] = 
Tab[Expr1,=] = 
Tab[Expr1,+] = 
Tab[Expr1,-] = 
Tab[Expr1,*] = 
Tab[Expr1,/] = 
Tab[Expr1,(] = Expr2 Simple1 
Tab[Expr1,)] = 
Tab[Expr1,;] = 
Tab[Expr1,,] = 
Tab[Expr1,:] = 
Tab[Expr1,.] = 
Tab[Expr1,NEG] = Expr2 Simple1 
Tab[Expr2,VAR] = 
Tab[Expr2,BEGIN] = 
Tab[Expr2,END] = 
Tab[Expr2,IF] = 
Tab[Expr2,THEN] = Vide 
Tab[Expr2,ELSE] = Vide 
Tab[Expr2,WHILE] = 
Tab[Expr2,DO] = Vide 
Tab[Expr2,FUNCTION] = 
Tab[Expr2,WRITE] = 
Tab[Expr2,READ] = 
Tab[Expr2,NOT] = 
Tab[Expr2,OR] = 
Tab[Expr2,AND] = 
Tab[Expr2,INTEGER] = 
Tab[Expr2,STRING] = 
Tab[Expr2,VOID] = 
Tab[Expr2,RETURN] = 
Tab[Expr2,:=] = 
Tab[Expr2,CH] = 
Tab[Expr2,NB] = 
Tab[Expr2,ID] = 
Tab[Expr2,Fin] = 
Tab[Expr2,Vide] = Vide 
Tab[Expr2,<] = Production %3 Simple1 Op_Relat %2 
Tab[Expr2,>] = Production %3 Simple1 Op_Relat %2 
Tab[Expr2,=] = Production %3 Simple1 Op_Relat %2 
Tab[Expr2,+] = 
Tab[Expr2,-] = 
Tab[Expr2,*] = 
Tab[Expr2,/] = 
Tab[Expr2,(] = 
Tab[Expr2,)] = Vide 
Tab[Expr2,;] = Vide 
Tab[Expr2,,] = 
Tab[Expr2,:] = 
Tab[Expr2,.] = 
Tab[Expr2,NEG] = 
Tab[Simple1,VAR] = 
Tab[Simple1,BEGIN] = 
Tab[Simple1,END] = 
Tab[Simple1,IF] = 
Tab[Simple1,THEN] = 
Tab[Simple1,ELSE] = 
Tab[Simple1,WHILE] = 
Tab[Simple1,DO] = 
Tab[Simple1,FUNCTION] = 
Tab[Simple1,WRITE] = 
Tab[Simple1,READ] = 
Tab[Simple1,NOT] = Simple2 Terme1 
Tab[Simple1,OR] = 
Tab[Simple1,AND] = 
Tab[Simple1,INTEGER] = 
Tab[Simple1,STRING] = 
Tab[Simple1,VOID] = 
Tab[Simple1,RETURN] = 
Tab[Simple1,:=] = 
Tab[Simple1,CH] = 
Tab[Simple1,NB] = Simple2 Terme1 
Tab[Simple1,ID] = Simple2 Terme1 
Tab[Simple1,Fin] = 
Tab[Simple1,Vide] = 
Tab[Simple1,<] = 
Tab[Simple1,>] = 
Tab[Simple1,=] = 
Tab[Simple1,+] = 
Tab[Simple1,-] = 
Tab[Simple1,*] = 
Tab[Simple1,/] = 
Tab[Simple1,(] = Simple2 Terme1 
Tab[Simple1,)] = 
Tab[Simple1,;] = 
Tab[Simple1,,] = 
Tab[Simple1,:] = 
Tab[Simple1,.] = 
Tab[Simple1,NEG] = Simple2 Terme1 
Tab[Simple2,VAR] = 
Tab[Simple2,BEGIN] = 
Tab[Simple2,END] = 
Tab[Simple2,IF] = 
Tab[Simple2,THEN] = Vide 
Tab[Simple2,ELSE] = Vide 
Tab[Simple2,WHILE] = 
Tab[Simple2,DO] = Vide 
Tab[Simple2,FUNCTION] = 
Tab[Simple2,WRITE] = 
Tab[Simple2,READ] = 
Tab[Simple2,NOT] = 
Tab[Simple2,OR] = Simple2 Production %3 Terme1 Op_Add %2 
Tab[Simple2,AND] = 
Tab[Simple2,INTEGER] = 
Tab[Simple2,STRING] = 
Tab[Simple2,VOID] = 
Tab[Simple2,RETURN] = 
Tab[Simple2,:=] = 
Tab[Simple2,CH] = 
Tab[Simple2,NB] = 
Tab[Simple2,ID] = 
Tab[Simple2,Fin] = 
Tab[Simple2,Vide] = Vide 
Tab[Simple2,<] = Vide 
Tab[Simple2,>] = Vide 
Tab[Simple2,=] = Vide 
Tab[Simple2,+] = Simple2 Production %3 Terme1 Op_Add %2 
Tab[Simple2,-] = Simple2 Production %3 Terme1 Op_Add %2 
Tab[Simple2,*] = 
Tab[Simple2,/] = 
Tab[Simple2,(] = 
Tab[Simple2,)] = Vide 
Tab[Simple2,;] = Vide 
Tab[Simple2,,] = 
Tab[Simple2,:] = 
Tab[Simple2,.] = 
Tab[Simple2,NEG] = 
Tab[Terme1,VAR] = 
Tab[Terme1,BEGIN] = 
Tab[Terme1,END] = 
Tab[Terme1,IF] = 
Tab[Terme1,THEN] = 
Tab[Terme1,ELSE] = 
Tab[Terme1,WHILE] = 
Tab[Terme1,DO] = 
Tab[Terme1,FUNCTION] = 
Tab[Terme1,WRITE] = 
Tab[Terme1,READ] = 
Tab[Terme1,NOT] = Terme2 Facteur 
Tab[Terme1,OR] = 
Tab[Terme1,AND] = 
Tab[Terme1,INTEGER] = 
Tab[Terme1,STRING] = 
Tab[Terme1,VOID] = 
Tab[Terme1,RETURN] = 
Tab[Terme1,:=] = 
Tab[Terme1,CH] = 
Tab[Terme1,NB] = Terme2 Facteur 
Tab[Terme1,ID] = Terme2 Facteur 
Tab[Terme1,Fin] = 
Tab[Terme1,Vide] = 
Tab[Terme1,<] = 
Tab[Terme1,>] = 
Tab[Terme1,=] = 
Tab[Terme1,+] = 
Tab[Terme1,-] = 
Tab[Terme1,*] = 
Tab[Terme1,/] = 
Tab[Terme1,(] = Terme2 Facteur 
Tab[Terme1,)] = 
Tab[Terme1,;] = 
Tab[Terme1,,] = 
Tab[Terme1,:] = 
Tab[Terme1,.] = 
Tab[Terme1,NEG] = Terme2 Facteur 
Tab[Terme2,VAR] = 
Tab[Terme2,BEGIN] = 
Tab[Terme2,END] = 
Tab[Terme2,IF] = 
Tab[Terme2,THEN] = Vide 
Tab[Terme2,ELSE] = Vide 
Tab[Terme2,WHILE] = 
Tab[Terme2,DO] = Vide 
Tab[Terme2,FUNCTION] = 
Tab[Terme2,WRITE] = 
Tab[Terme2,READ] = 
Tab[Terme2,NOT] = 
Tab[Terme2,OR] = Vide 
Tab[Terme2,AND] = Terme2 Production %3 Facteur Op_Mult %2 
Tab[Terme2,INTEGER] = 
Tab[Terme2,STRING] = 
Tab[Terme2,VOID] = 
Tab[Terme2,RETURN] = 
Tab[Terme2,:=] = 
Tab[Terme2,CH] = 
Tab[Terme2,NB] = 
Tab[Terme2,ID] = 
Tab[Terme2,Fin] = 
Tab[Terme2,Vide] = Vide 
Tab[Terme2,<] = Vide 
Tab[Terme2,>] = Vide 
Tab[Terme2,=] = Vide 
Tab[Terme2,+] = Vide 
Tab[Terme2,-] = Vide 
Tab[Terme2,*] = Terme2 Production %3 Facteur Op_Mult %2 
Tab[Terme2,/] = Terme2 Production %3 Facteur Op_Mult %2 
Tab[Terme2,(] = 
Tab[Terme2,)] = Vide 
Tab[Terme2,;] = Vide 
Tab[Terme2,,] = 
Tab[Terme2,:] = 
Tab[Terme2,.] = 
Tab[Terme2,NEG] = 
Tab[Facteur,VAR] = 
Tab[Facteur,BEGIN] = 
Tab[Facteur,END] = 
Tab[Facteur,IF] = 
Tab[Facteur,THEN] = 
Tab[Facteur,ELSE] = 
Tab[Facteur,WHILE] = 
Tab[Facteur,DO] = 
Tab[Facteur,FUNCTION] = 
Tab[Facteur,WRITE] = 
Tab[Facteur,READ] = 
Tab[Facteur,NOT] = Production %3 Facteur NOT %2 
Tab[Facteur,OR] = 
Tab[Facteur,AND] = 
Tab[Facteur,INTEGER] = 
Tab[Facteur,STRING] = 
Tab[Facteur,VOID] = 
Tab[Facteur,RETURN] = 
Tab[Facteur,:=] = 
Tab[Facteur,CH] = 
Tab[Facteur,NB] = NB %1 
Tab[Facteur,ID] = Suite_Id2 ID %11 
Tab[Facteur,Fin] = 
Tab[Facteur,Vide] = 
Tab[Facteur,<] = 
Tab[Facteur,>] = 
Tab[Facteur,=] = 
Tab[Facteur,+] = 
Tab[Facteur,-] = 
Tab[Facteur,*] = 
Tab[Facteur,/] = 
Tab[Facteur,(] = ) Expr1 ( 
Tab[Facteur,)] = 
Tab[Facteur,;] = 
Tab[Facteur,,] = 
Tab[Facteur,:] = 
Tab[Facteur,.] = 
Tab[Facteur,NEG] = Production %3 Facteur NEG %2 
Tab[Suite_Id2,VAR] = 
Tab[Suite_Id2,BEGIN] = 
Tab[Suite_Id2,END] = 
Tab[Suite_Id2,IF] = 
Tab[Suite_Id2,THEN] = Production %29 %26 %1 
Tab[Suite_Id2,ELSE] = Production %29 %26 %1 
Tab[Suite_Id2,WHILE] = 
Tab[Suite_Id2,DO] = Production %29 %26 %1 
Tab[Suite_Id2,FUNCTION] = 
Tab[Suite_Id2,WRITE] = 
Tab[Suite_Id2,READ] = 
Tab[Suite_Id2,NOT] = 
Tab[Suite_Id2,OR] = Production %29 %26 %1 
Tab[Suite_Id2,AND] = Production %29 %26 %1 
Tab[Suite_Id2,INTEGER] = 
Tab[Suite_Id2,STRING] = 
Tab[Suite_Id2,VOID] = 
Tab[Suite_Id2,RETURN] = 
Tab[Suite_Id2,:=] = 
Tab[Suite_Id2,CH] = 
Tab[Suite_Id2,NB] = 
Tab[Suite_Id2,ID] = 
Tab[Suite_Id2,Fin] = 
Tab[Suite_Id2,Vide] = Production %29 %26 %1 
Tab[Suite_Id2,<] = Production %29 %26 %1 
Tab[Suite_Id2,>] = Production %29 %26 %1 
Tab[Suite_Id2,=] = Production %29 %26 %1 
Tab[Suite_Id2,+] = Production %29 %26 %1 
Tab[Suite_Id2,-] = Production %29 %26 %1 
Tab[Suite_Id2,*] = Production %29 %26 %1 
Tab[Suite_Id2,/] = Production %29 %26 %1 
Tab[Suite_Id2,(] = ) %23 %25 Liste_Id1 ( %29 
Tab[Suite_Id2,)] = Production %29 %26 %1 
Tab[Suite_Id2,;] = Production %29 %26 %1 
Tab[Suite_Id2,,] = 
Tab[Suite_Id2,:] = 
Tab[Suite_Id2,.] = 
Tab[Suite_Id2,NEG] = 
Tab[Op_Relat,VAR] = 
Tab[Op_Relat,BEGIN] = 
Tab[Op_Relat,END] = 
Tab[Op_Relat,IF] = 
Tab[Op_Relat,THEN] = 
Tab[Op_Relat,ELSE] = 
Tab[Op_Relat,WHILE] = 
Tab[Op_Relat,DO] = 
Tab[Op_Relat,FUNCTION] = 
Tab[Op_Relat,WRITE] = 
Tab[Op_Relat,READ] = 
Tab[Op_Relat,NOT] = 
Tab[Op_Relat,OR] = 
Tab[Op_Relat,AND] = 
Tab[Op_Relat,INTEGER] = 
Tab[Op_Relat,STRING] = 
Tab[Op_Relat,VOID] = 
Tab[Op_Relat,RETURN] = 
Tab[Op_Relat,:=] = 
Tab[Op_Relat,CH] = 
Tab[Op_Relat,NB] = 
Tab[Op_Relat,ID] = 
Tab[Op_Relat,Fin] = 
Tab[Op_Relat,Vide] = 
Tab[Op_Relat,<] = < 
Tab[Op_Relat,>] = > 
Tab[Op_Relat,=] = = 
Tab[Op_Relat,+] = 
Tab[Op_Relat,-] = 
Tab[Op_Relat,*] = 
Tab[Op_Relat,/] = 
Tab[Op_Relat,(] = 
Tab[Op_Relat,)] = 
Tab[Op_Relat,;] = 
Tab[Op_Relat,,] = 
Tab[Op_Relat,:] = 
Tab[Op_Relat,.] = 
Tab[Op_Relat,NEG] = 
Tab[Op_Add,VAR] = 
Tab[Op_Add,BEGIN] = 
Tab[Op_Add,END] = 
Tab[Op_Add,IF] = 
Tab[Op_Add,THEN] = 
Tab[Op_Add,ELSE] = 
Tab[Op_Add,WHILE] = 
Tab[Op_Add,DO] = 
Tab[Op_Add,FUNCTION] = 
Tab[Op_Add,WRITE] = 
Tab[Op_Add,READ] = 
Tab[Op_Add,NOT] = 
Tab[Op_Add,OR] = OR 
Tab[Op_Add,AND] = 
Tab[Op_Add,INTEGER] = 
Tab[Op_Add,STRING] = 
Tab[Op_Add,VOID] = 
Tab[Op_Add,RETURN] = 
Tab[Op_Add,:=] = 
Tab[Op_Add,CH] = 
Tab[Op_Add,NB] = 
Tab[Op_Add,ID] = 
Tab[Op_Add,Fin] = 
Tab[Op_Add,Vide] = 
Tab[Op_Add,<] = 
Tab[Op_Add,>] = 
Tab[Op_Add,=] = 
Tab[Op_Add,+] = + 
Tab[Op_Add,-] = - 
Tab[Op_Add,*] = 
Tab[Op_Add,/] = 
Tab[Op_Add,(] = 
Tab[Op_Add,)] = 
Tab[Op_Add,;] = 
Tab[Op_Add,,] = 
Tab[Op_Add,:] = 
Tab[Op_Add,.] = 
Tab[Op_Add,NEG] = 
Tab[Op_Mult,VAR] = 
Tab[Op_Mult,BEGIN] = 
Tab[Op_Mult,END] = 
Tab[Op_Mult,IF] = 
Tab[Op_Mult,THEN] = 
Tab[Op_Mult,ELSE] = 
Tab[Op_Mult,WHILE] = 
Tab[Op_Mult,DO] = 
Tab[Op_Mult,FUNCTION] = 
Tab[Op_Mult,WRITE] = 
Tab[Op_Mult,READ] = 
Tab[Op_Mult,NOT] = 
Tab[Op_Mult,OR] = 
Tab[Op_Mult,AND] = AND 
Tab[Op_Mult,INTEGER] = 
Tab[Op_Mult,STRING] = 
Tab[Op_Mult,VOID] = 
Tab[Op_Mult,RETURN] = 
Tab[Op_Mult,:=] = 
Tab[Op_Mult,CH] = 
Tab[Op_Mult,NB] = 
Tab[Op_Mult,ID] = 
Tab[Op_Mult,Fin] = 
Tab[Op_Mult,Vide] = 
Tab[Op_Mult,<] = 
Tab[Op_Mult,>] = 
Tab[Op_Mult,=] = 
Tab[Op_Mult,+] = 
Tab[Op_Mult,-] = 
Tab[Op_Mult,*] = * 
Tab[Op_Mult,/] = / 
Tab[Op_Mult,(] = 
Tab[Op_Mult,)] = 
Tab[Op_Mult,;] = 
Tab[Op_Mult,,] = 
Tab[Op_Mult,:] = 
Tab[Op_Mult,.] = 
Tab[Op_Mult,NEG] = 
Tab[Production,VAR] = 
Tab[Production,BEGIN] = Vide 
Tab[Production,END] = 
Tab[Production,IF] = 
Tab[Production,THEN] = Vide 
Tab[Production,ELSE] = Vide 
Tab[Production,WHILE] = 
Tab[Production,DO] = Vide 
Tab[Production,FUNCTION] = 
Tab[Production,WRITE] = 
Tab[Production,READ] = 
Tab[Production,NOT] = 
Tab[Production,OR] = Vide 
Tab[Production,AND] = Vide 
Tab[Production,INTEGER] = 
Tab[Production,STRING] = 
Tab[Production,VOID] = 
Tab[Production,RETURN] = 
Tab[Production,:=] = 
Tab[Production,CH] = 
Tab[Production,NB] = 
Tab[Production,ID] = 
Tab[Production,Fin] = 
Tab[Production,Vide] = Vide 
Tab[Production,<] = Vide 
Tab[Production,>] = Vide 
Tab[Production,=] = Vide 
Tab[Production,+] = Vide 
Tab[Production,-] = Vide 
Tab[Production,*] = Vide 
Tab[Production,/] = Vide 
Tab[Production,(] = 
Tab[Production,)] = Vide 
Tab[Production,;] = Vide 
Tab[Production,,] = 
Tab[Production,:] = 
Tab[Production,.] = 
Tab[Production,NEG] = 
